app/build/outputs/logs/manifest-merger-debug-report.txt
-- Merging decision tree log ---
manifest
ADDED from src\main\AndroidManifest.xml:2:1-120:12
	package
		ADDED from src\main\AndroidManifest.xml:3:5-48
		INJECTED from src\main\AndroidManifest.xml
		INJECTED from src\main\AndroidManifest.xml
	android:versionName
		INJECTED from src\main\AndroidManifest.xml
		INJECTED from src\main\AndroidManifest.xml
	xmlns:android
		ADDED from src\main\AndroidManifest.xml:2:11-69
	android:versionCode
		INJECTED from src\main\AndroidManifest.xml
		INJECTED from src\main\AndroidManifest.xml
uses-permission#android.permission.INTERNET
ADDED from src\main\AndroidManifest.xml:5:5-67
MERGED from [com.google.firebase:firebase-analytics:9.6.1] AndroidManifest.xml:20:5-66
MERGED from [com.google.firebase:firebase-analytics-impl:9.6.1] AndroidManifest.xml:20:5-66
MERGED from [com.google.firebase:firebase-iid:9.6.1] AndroidManifest.xml:20:5-66
MERGED from [com.google.android.gms:play-services-ads-lite:9.6.1] AndroidManifest.xml:19:5-66
MERGED from [com.google.android.gms:play-services-analytics:9.6.1] AndroidManifest.xml:20:5-66
MERGED from [com.google.android.gms:play-services-analytics-impl:9.6.1] AndroidManifest.xml:20:5-66
MERGED from [com.google.android.gms:play-services-appinvite:9.6.1] AndroidManifest.xml:18:5-66
MERGED from [com.google.android.gms:play-services-maps:9.6.1] AndroidManifest.xml:20:5-66
MERGED from [com.google.firebase:firebase-crash:9.6.1] AndroidManifest.xml:18:5-66
MERGED from [com.google.android.gms:play-services-gcm:9.6.1] AndroidManifest.xml:21:5-66
MERGED from [com.google.android.gms:play-services-iid:9.6.1] AndroidManifest.xml:21:5-66
MERGED from [com.google.android.gms:play-services-tagmanager-api:9.6.1] AndroidManifest.xml:20:5-66
	android:name
		ADDED from src\main\AndroidManifest.xml:5:22-64
uses-permission#android.permission.WRITE_EXTERNAL_STORAGE
ADDED from src\main\AndroidManifest.xml:6:5-80
	android:name
		ADDED from src\main\AndroidManifest.xml:6:22-78
uses-permission#android.permission.READ_EXTERNAL_STORAGE
ADDED from src\main\AndroidManifest.xml:7:5-80
	android:name
		ADDED from src\main\AndroidManifest.xml:7:22-77
uses-permission#android.permission.ACCESS_FINE_LOCATION
ADDED from src\main\AndroidManifest.xml:14:5-79
	android:name
		ADDED from src\main\AndroidManifest.xml:14:22-76
application
ADDED from src\main\AndroidManifest.xml:16:5-118:19
MERGED from [com.android.support:design:23.4.0] AndroidManifest.xml:22:5-20
MERGED from [com.android.support:support-v4:24.0.0] AndroidManifest.xml:25:5-20
MERGED from [com.android.support:appcompat-v7:24.0.0] AndroidManifest.xml:25:5-20
MERGED from [com.android.support:support-vector-drawable:24.0.0] AndroidManifest.xml:23:5-20
MERGED from [com.android.support:animated-vector-drawable:24.0.0] AndroidManifest.xml:22:5-20
MERGED from [com.getbase:floatingactionbutton:1.10.1] AndroidManifest.xml:12:5-20
MERGED from [com.android.support:palette-v7:24.0.0] AndroidManifest.xml:22:5-23:19
MERGED from [com.google.android.gms:play-services-basement:9.6.1] AndroidManifest.xml:19:5-21:19
MERGED from [com.google.firebase:firebase-common:9.6.1] AndroidManifest.xml:4:5-7:19
MERGED from [com.google.android.gms:play-services-tasks:9.6.1] AndroidManifest.xml:4:5-19
MERGED from [com.google.firebase:firebase-core:9.6.1] AndroidManifest.xml:5:5-20
MERGED from [com.google.firebase:firebase-analytics:9.6.1] AndroidManifest.xml:24:5-33:19
MERGED from [com.google.firebase:firebase-analytics-impl:9.6.1] AndroidManifest.xml:24:5-28:19
MERGED from [com.google.firebase:firebase-iid:9.6.1] AndroidManifest.xml:28:5-50:19
MERGED from [com.google.android.gms:play-services:9.6.1] AndroidManifest.xml:5:5-20
MERGED from [com.google.android.gms:play-services-ads-lite:9.6.1] AndroidManifest.xml:23:5-27:19
MERGED from [com.google.android.gms:play-services-base:9.6.1] AndroidManifest.xml:18:5-20:19
MERGED from [com.google.android.gms:play-services-clearcut:9.6.1] AndroidManifest.xml:18:5-19
MERGED from [com.google.android.gms:play-services-gass:9.6.1] AndroidManifest.xml:4:5-19
MERGED from [com.google.android.gms:play-services-analytics:9.6.1] AndroidManifest.xml:26:5-19
MERGED from [com.google.android.gms:play-services-analytics-impl:9.6.1] AndroidManifest.xml:26:5-19
MERGED from [com.google.android.gms:play-services-appinvite:9.6.1] AndroidManifest.xml:19:5-26:19
MERGED from [com.google.android.gms:play-services-auth:9.6.1] AndroidManifest.xml:19:5-25:19
MERGED from [com.google.android.gms:play-services-cast-framework:9.6.1] AndroidManifest.xml:4:5-8:19
MERGED from [com.google.android.gms:play-services-cast:9.6.1] AndroidManifest.xml:18:5-19
MERGED from [com.android.support:mediarouter-v7:24.0.0] AndroidManifest.xml:22:5-20
MERGED from [com.google.firebase:firebase-config:9.6.1] AndroidManifest.xml:18:5-19
MERGED from [com.google.android.gms:play-services-awareness:9.6.1] AndroidManifest.xml:18:5-19
MERGED from [com.google.android.gms:play-services-location:9.6.1] AndroidManifest.xml:4:5-19
MERGED from [com.google.android.gms:play-services-places:9.6.1] AndroidManifest.xml:18:5-19
MERGED from [com.google.android.gms:play-services-maps:9.6.1] AndroidManifest.xml:24:5-19
MERGED from [com.google.firebase:firebase-crash:9.6.1] AndroidManifest.xml:22:5-28:19
MERGED from [com.google.android.gms:play-services-drive:9.6.1] AndroidManifest.xml:18:5-19
MERGED from [com.google.firebase:firebase-auth:9.6.1] AndroidManifest.xml:19:5-20:19
MERGED from [com.google.firebase:firebase-auth-common:9.6.1] AndroidManifest.xml:19:5-20:19
MERGED from [com.google.firebase:firebase-messaging:9.6.1] AndroidManifest.xml:19:5-29:19
MERGED from [com.google.android.gms:play-services-fitness:9.6.1] AndroidManifest.xml:18:5-19
MERGED from [com.google.android.gms:play-services-games:9.6.1] AndroidManifest.xml:18:5-19
MERGED from [com.google.android.gms:play-services-gcm:9.6.1] AndroidManifest.xml:23:5-19
MERGED from [com.google.android.gms:play-services-iid:9.6.1] AndroidManifest.xml:23:5-19
MERGED from [com.google.android.gms:play-services-appindexing:9.6.1] AndroidManifest.xml:18:5-19
MERGED from [com.google.android.gms:play-services-identity:9.6.1] AndroidManifest.xml:18:5-19
MERGED from [com.google.android.gms:play-services-nearby:9.6.1] AndroidManifest.xml:5:5-19
MERGED from [com.google.android.gms:play-services-panorama:9.6.1] AndroidManifest.xml:18:5-19
MERGED from [com.google.android.gms:play-services-plus:9.6.1] AndroidManifest.xml:18:5-19
MERGED from [com.google.android.gms:play-services-safetynet:9.6.1] AndroidManifest.xml:18:5-19
MERGED from [com.google.android.gms:play-services-tagmanager-api:9.6.1] AndroidManifest.xml:23:5-33:19
MERGED from [com.google.android.gms:play-services-vision:9.6.1] AndroidManifest.xml:4:5-19
MERGED from [com.google.android.gms:play-services-wearable:9.6.1] AndroidManifest.xml:18:5-19
	android:label
		ADDED from src\main\AndroidManifest.xml:19:9-41
	android:supportsRtl
		ADDED from src\main\AndroidManifest.xml:20:9-35
	android:allowBackup
		ADDED from src\main\AndroidManifest.xml:17:9-35
	android:icon
		ADDED from src\main\AndroidManifest.xml:18:9-42
	android:theme
		ADDED from src\main\AndroidManifest.xml:21:9-40
activity#com.example.dhiren.passkeymanager.Register
ADDED from src\main\AndroidManifest.xml:22:9-28:20
	android:name
		ADDED from src\main\AndroidManifest.xml:22:19-43
intent-filter#android.intent.action.MAIN+android.intent.category.LAUNCHER
ADDED from src\main\AndroidManifest.xml:23:13-27:29
action#android.intent.action.MAIN
ADDED from src\main\AndroidManifest.xml:24:17-69
	android:name
		ADDED from src\main\AndroidManifest.xml:24:25-66
category#android.intent.category.LAUNCHER
ADDED from src\main\AndroidManifest.xml:26:17-77
	android:name
		ADDED from src\main\AndroidManifest.xml:26:27-74
activity#com.example.dhiren.passkeymanager.RegisterPage
ADDED from src\main\AndroidManifest.xml:29:9-50
	android:name
		ADDED from src\main\AndroidManifest.xml:29:19-47
activity#com.example.dhiren.passkeymanager.Login_Page
ADDED from src\main\AndroidManifest.xml:30:9-48
	android:name
		ADDED from src\main\AndroidManifest.xml:30:19-45
activity#com.example.dhiren.passkeymanager.Main_Page
ADDED from src\main\AndroidManifest.xml:31:9-34:59
	android:label
		ADDED from src\main\AndroidManifest.xml:33:13-43
	android:theme
		ADDED from src\main\AndroidManifest.xml:34:13-56
	android:name
		ADDED from src\main\AndroidManifest.xml:32:13-38
activity#com.example.dhiren.passkeymanager.ListActivity
ADDED from src\main\AndroidManifest.xml:35:9-38:55
	android:label
		ADDED from src\main\AndroidManifest.xml:37:13-45
	android:parentActivityName
		ADDED from src\main\AndroidManifest.xml:38:13-52
	android:name
		ADDED from src\main\AndroidManifest.xml:36:13-41
activity#com.example.dhiren.passkeymanager.FormFill
ADDED from src\main\AndroidManifest.xml:39:9-42:55
	android:label
		ADDED from src\main\AndroidManifest.xml:41:13-38
	android:parentActivityName
		ADDED from src\main\AndroidManifest.xml:42:13-52
	android:name
		ADDED from src\main\AndroidManifest.xml:40:13-37
activity#com.example.dhiren.passkeymanager.ResetpasswordActivity
ADDED from src\main\AndroidManifest.xml:46:9-59
	android:name
		ADDED from src\main\AndroidManifest.xml:46:19-56
activity#com.example.dhiren.passkeymanager.MainActivity
ADDED from src\main\AndroidManifest.xml:47:9-50:55
	android:label
		ADDED from src\main\AndroidManifest.xml:49:13-43
	android:parentActivityName
		ADDED from src\main\AndroidManifest.xml:50:13-52
	android:name
		ADDED from src\main\AndroidManifest.xml:48:13-41
activity#com.example.dhiren.passkeymanager.AfterSplash
ADDED from src\main\AndroidManifest.xml:51:9-53:55
	android:parentActivityName
		ADDED from src\main\AndroidManifest.xml:53:13-52
	android:name
		ADDED from src\main\AndroidManifest.xml:52:13-40
activity#com.example.dhiren.passkeymanager.BankAccount
ADDED from src\main\AndroidManifest.xml:54:9-57:58
	android:label
		ADDED from src\main\AndroidManifest.xml:56:13-41
	android:parentActivityName
		ADDED from src\main\AndroidManifest.xml:57:13-55
	android:name
		ADDED from src\main\AndroidManifest.xml:55:13-40
activity#com.example.dhiren.passkeymanager.SitePage
ADDED from src\main\AndroidManifest.xml:58:9-61:55
	android:label
		ADDED from src\main\AndroidManifest.xml:60:13-38
	android:parentActivityName
		ADDED from src\main\AndroidManifest.xml:61:13-52
	android:name
		ADDED from src\main\AndroidManifest.xml:59:13-37
activity#com.example.dhiren.passkeymanager.ViewDetails
ADDED from src\main\AndroidManifest.xml:62:9-65:55
	android:label
		ADDED from src\main\AndroidManifest.xml:64:13-41
	android:parentActivityName
		ADDED from src\main\AndroidManifest.xml:65:13-52
	android:name
		ADDED from src\main\AndroidManifest.xml:63:13-40
activity#com.example.dhiren.passkeymanager.ViewSecureNotes
ADDED from src\main\AndroidManifest.xml:66:9-69:55
	android:label
		ADDED from src\main\AndroidManifest.xml:68:13-46
	android:parentActivityName
		ADDED from src\main\AndroidManifest.xml:69:13-52
	android:name
		ADDED from src\main\AndroidManifest.xml:67:13-44
activity#com.example.dhiren.passkeymanager.ViewSites
ADDED from src\main\AndroidManifest.xml:70:9-73:55
	android:label
		ADDED from src\main\AndroidManifest.xml:72:13-39
	android:parentActivityName
		ADDED from src\main\AndroidManifest.xml:73:13-52
	android:name
		ADDED from src\main\AndroidManifest.xml:71:13-38
activity#com.example.dhiren.passkeymanager.RegisterPageNew
ADDED from src\main\AndroidManifest.xml:74:9-53
	android:name
		ADDED from src\main\AndroidManifest.xml:74:19-50
activity#com.example.dhiren.passkeymanager.Login_Page_New
ADDED from src\main\AndroidManifest.xml:75:9-52
	android:name
		ADDED from src\main\AndroidManifest.xml:75:19-49
activity#com.example.dhiren.passkeymanager.CreditCard
ADDED from src\main\AndroidManifest.xml:76:9-79:58
	android:label
		ADDED from src\main\AndroidManifest.xml:78:13-40
	android:parentActivityName
		ADDED from src\main\AndroidManifest.xml:79:13-55
	android:name
		ADDED from src\main\AndroidManifest.xml:77:13-39
activity#com.example.dhiren.passkeymanager.EmailAccount
ADDED from src\main\AndroidManifest.xml:80:9-83:58
	android:label
		ADDED from src\main\AndroidManifest.xml:82:13-42
	android:parentActivityName
		ADDED from src\main\AndroidManifest.xml:83:13-55
	android:name
		ADDED from src\main\AndroidManifest.xml:81:13-41
activity#com.example.dhiren.passkeymanager.WiFiDetails
ADDED from src\main\AndroidManifest.xml:84:9-87:58
	android:label
		ADDED from src\main\AndroidManifest.xml:86:13-41
	android:parentActivityName
		ADDED from src\main\AndroidManifest.xml:87:13-55
	android:name
		ADDED from src\main\AndroidManifest.xml:85:13-40
activity#com.example.dhiren.passkeymanager.LoginGoogle
ADDED from src\main\AndroidManifest.xml:88:9-49
	android:name
		ADDED from src\main\AndroidManifest.xml:88:19-46
activity#com.example.dhiren.passkeymanager.SiteDetails
ADDED from src\main\AndroidManifest.xml:89:9-92:55
	android:label
		ADDED from src\main\AndroidManifest.xml:91:13-36
	android:parentActivityName
		ADDED from src\main\AndroidManifest.xml:92:13-52
	android:name
		ADDED from src\main\AndroidManifest.xml:90:13-40
activity#com.example.dhiren.passkeymanager.WifiPasswordDetails
ADDED from src\main\AndroidManifest.xml:93:9-96:54
	android:label
		ADDED from src\main\AndroidManifest.xml:95:13-50
	android:parentActivityName
		ADDED from src\main\AndroidManifest.xml:96:13-52
	android:name
		ADDED from src\main\AndroidManifest.xml:94:13-48
activity#com.example.dhiren.passkeymanager.EmailAccountDetails
ADDED from src\main\AndroidManifest.xml:97:9-100:55
	android:label
		ADDED from src\main\AndroidManifest.xml:99:13-50
	android:parentActivityName
		ADDED from src\main\AndroidManifest.xml:100:13-52
	android:name
		ADDED from src\main\AndroidManifest.xml:98:13-48
activity#com.example.dhiren.passkeymanager.BankAccountDetails
ADDED from src\main\AndroidManifest.xml:101:9-104:55
	android:label
		ADDED from src\main\AndroidManifest.xml:103:13-49
	android:parentActivityName
		ADDED from src\main\AndroidManifest.xml:104:13-52
	android:name
		ADDED from src\main\AndroidManifest.xml:102:13-47
activity#com.example.dhiren.passkeymanager.CardDetails
ADDED from src\main\AndroidManifest.xml:105:9-108:55
	android:label
		ADDED from src\main\AndroidManifest.xml:107:13-41
	android:parentActivityName
		ADDED from src\main\AndroidManifest.xml:108:13-52
	android:name
		ADDED from src\main\AndroidManifest.xml:106:13-40
activity#com.example.dhiren.passkeymanager.ChangePassword
ADDED from src\main\AndroidManifest.xml:109:9-112:67
	android:label
		ADDED from src\main\AndroidManifest.xml:111:13-52
	android:parentActivityName
		ADDED from src\main\AndroidManifest.xml:112:13-55
	android:name
		ADDED from src\main\AndroidManifest.xml:110:13-43
activity#com.example.dhiren.passkeymanager.ResetPasswordSimpleActivity
ADDED from src\main\AndroidManifest.xml:113:9-116:67
	android:label
		ADDED from src\main\AndroidManifest.xml:115:13-43
	android:parentActivityName
		ADDED from src\main\AndroidManifest.xml:116:13-55
	android:name
		ADDED from src\main\AndroidManifest.xml:114:13-56
activity#com.example.dhiren.passkeymanager.ProfilePicture
ADDED from src\main\AndroidManifest.xml:117:9-61
	android:name
		ADDED from src\main\AndroidManifest.xml:117:19-49
uses-sdk
INJECTED from src\main\AndroidManifest.xml reason: use-sdk injection requested
MERGED from [com.android.support:design:23.4.0] AndroidManifest.xml:20:5-43
MERGED from [com.android.support:recyclerview-v7:23.4.0] AndroidManifest.xml:20:5-43
MERGED from [com.android.support:support-v4:24.0.0] AndroidManifest.xml:21:5-23:54
MERGED from [com.android.support:appcompat-v7:24.0.0] AndroidManifest.xml:21:5-23:78
MERGED from [com.android.support:support-vector-drawable:24.0.0] AndroidManifest.xml:21:5-43
MERGED from [com.android.support:animated-vector-drawable:24.0.0] AndroidManifest.xml:20:5-44
MERGED from [com.getbase:floatingactionbutton:1.10.1] AndroidManifest.xml:8:5-10:41
MERGED from [com.firebaseui:firebase-ui-storage:0.6.0] AndroidManifest.xml:7:5-9:41
MERGED from [com.android.support:palette-v7:24.0.0] AndroidManifest.xml:20:5-43
MERGED from [com.google.firebase:firebase-storage:9.6.1] AndroidManifest.xml:3:5-42
MERGED from [com.google.android.gms:play-services-basement:9.6.1] AndroidManifest.xml:17:5-42
MERGED from [com.google.firebase:firebase-storage-common:9.6.1] AndroidManifest.xml:3:5-42
MERGED from [com.google.firebase:firebase-common:9.6.1] AndroidManifest.xml:3:5-42
MERGED from [com.google.android.gms:play-services-tasks:9.6.1] AndroidManifest.xml:3:5-42
MERGED from [com.google.firebase:firebase-core:9.6.1] AndroidManifest.xml:4:5-42
MERGED from [com.google.firebase:firebase-analytics:9.6.1] AndroidManifest.xml:17:5-42
MERGED from [com.google.firebase:firebase-analytics-impl:9.6.1] AndroidManifest.xml:17:5-42
MERGED from [com.google.firebase:firebase-iid:9.6.1] AndroidManifest.xml:17:5-42
MERGED from [com.google.android.gms:play-services:9.6.1] AndroidManifest.xml:4:5-42
MERGED from [com.google.android.gms:play-services-ads:9.6.1] AndroidManifest.xml:17:5-42
MERGED from [com.google.android.gms:play-services-ads-lite:9.6.1] AndroidManifest.xml:22:5-42
MERGED from [com.google.android.gms:play-services-base:9.6.1] AndroidManifest.xml:17:5-42
MERGED from [com.google.android.gms:play-services-clearcut:9.6.1] AndroidManifest.xml:17:5-42
MERGED from [com.google.android.gms:play-services-gass:9.6.1] AndroidManifest.xml:3:5-42
MERGED from [com.google.android.gms:play-services-analytics:9.6.1] AndroidManifest.xml:17:5-42
MERGED from [com.google.android.gms:play-services-analytics-impl:9.6.1] AndroidManifest.xml:17:5-42
MERGED from [com.google.android.gms:play-services-appinvite:9.6.1] AndroidManifest.xml:17:5-42
MERGED from [com.google.android.gms:play-services-auth:9.6.1] AndroidManifest.xml:17:5-42
MERGED from [com.google.android.gms:play-services-auth-base:9.6.1] AndroidManifest.xml:4:5-42
MERGED from [com.google.android.gms:play-services-cast-framework:9.6.1] AndroidManifest.xml:3:5-42
MERGED from [com.google.android.gms:play-services-cast:9.6.1] AndroidManifest.xml:17:5-42
MERGED from [com.android.support:mediarouter-v7:24.0.0] AndroidManifest.xml:20:5-43
MERGED from [com.google.firebase:firebase-config:9.6.1] AndroidManifest.xml:17:5-42
MERGED from [com.google.android.gms:play-services-awareness:9.6.1] AndroidManifest.xml:17:5-42
MERGED from [com.google.android.gms:play-services-location:9.6.1] AndroidManifest.xml:3:5-42
MERGED from [com.google.android.gms:play-services-places:9.6.1] AndroidManifest.xml:17:5-42
MERGED from [com.google.android.gms:play-services-maps:9.6.1] AndroidManifest.xml:23:5-42
MERGED from [com.google.firebase:firebase-crash:9.6.1] AndroidManifest.xml:20:5-42
MERGED from [com.google.android.gms:play-services-drive:9.6.1] AndroidManifest.xml:17:5-42
MERGED from [com.google.firebase:firebase-auth:9.6.1] AndroidManifest.xml:17:5-42
MERGED from [com.google.firebase:firebase-auth-common:9.6.1] AndroidManifest.xml:17:5-42
MERGED from [com.google.firebase:firebase-auth-module:9.6.1] AndroidManifest.xml:3:5-42
MERGED from [com.google.firebase:firebase-database-connection:9.6.1] AndroidManifest.xml:3:5-42
MERGED from [com.google.firebase:firebase-database:9.6.1] AndroidManifest.xml:3:5-42
MERGED from [com.google.firebase:firebase-messaging:9.6.1] AndroidManifest.xml:17:5-42
MERGED from [com.google.android.gms:play-services-fitness:9.6.1] AndroidManifest.xml:17:5-42
MERGED from [com.google.android.gms:play-services-games:9.6.1] AndroidManifest.xml:17:5-42
MERGED from [com.google.android.gms:play-services-gcm:9.6.1] AndroidManifest.xml:17:5-42
MERGED from [com.google.android.gms:play-services-iid:9.6.1] AndroidManifest.xml:17:5-42
MERGED from [com.google.android.gms:play-services-appindexing:9.6.1] AndroidManifest.xml:17:5-42
MERGED from [com.google.android.gms:play-services-identity:9.6.1] AndroidManifest.xml:17:5-42
MERGED from [com.google.android.gms:play-services-instantapps:9.6.1] AndroidManifest.xml:3:5-42
MERGED from [com.google.android.gms:play-services-nearby:9.6.1] AndroidManifest.xml:3:5-42
MERGED from [com.google.android.gms:play-services-panorama:9.6.1] AndroidManifest.xml:17:5-42
MERGED from [com.google.android.gms:play-services-plus:9.6.1] AndroidManifest.xml:17:5-42
MERGED from [com.google.android.gms:play-services-safetynet:9.6.1] AndroidManifest.xml:17:5-42
MERGED from [com.google.android.gms:play-services-tagmanager-api:9.6.1] AndroidManifest.xml:17:5-42
MERGED from [com.google.android.gms:play-services-tagmanager:9.6.1] AndroidManifest.xml:17:5-42
MERGED from [com.google.android.gms:play-services-vision:9.6.1] AndroidManifest.xml:3:5-42
MERGED from [com.google.android.gms:play-services-wallet:9.6.1] AndroidManifest.xml:18:5-42
MERGED from [com.google.android.gms:play-services-wearable:9.6.1] AndroidManifest.xml:17:5-42
	tools:overrideLibrary
		ADDED from [com.android.support:support-v4:24.0.0] AndroidManifest.xml:23:9-51
	android:targetSdkVersion
		INJECTED from src\main\AndroidManifest.xml
		INJECTED from src\main\AndroidManifest.xml
	android:minSdkVersion
		INJECTED from src\main\AndroidManifest.xml
		INJECTED from src\main\AndroidManifest.xml
meta-data#com.google.android.gms.version
ADDED from [com.google.android.gms:play-services-basement:9.6.1] AndroidManifest.xml:20:9-121
	android:value
		ADDED from [com.google.android.gms:play-services-basement:9.6.1] AndroidManifest.xml:20:66-119
	android:name
		ADDED from [com.google.android.gms:play-services-basement:9.6.1] AndroidManifest.xml:20:20-65
provider#com.google.firebase.provider.FirebaseInitProvider
ADDED from [com.google.firebase:firebase-common:9.6.1] AndroidManifest.xml:6:9-175
	android:authorities
		ADDED from [com.google.firebase:firebase-common:9.6.1] AndroidManifest.xml:6:19-78
	android:exported
		ADDED from [com.google.firebase:firebase-common:9.6.1] AndroidManifest.xml:6:125-149
	android:initOrder
		ADDED from [com.google.firebase:firebase-common:9.6.1] AndroidManifest.xml:6:150-173
	android:name
		ADDED from [com.google.firebase:firebase-common:9.6.1] AndroidManifest.xml:6:79-124
uses-permission#android.permission.ACCESS_NETWORK_STATE
ADDED from [com.google.firebase:firebase-analytics:9.6.1] AndroidManifest.xml:21:5-78
MERGED from [com.google.firebase:firebase-analytics-impl:9.6.1] AndroidManifest.xml:21:5-78
MERGED from [com.google.firebase:firebase-iid:9.6.1] AndroidManifest.xml:19:5-78
MERGED from [com.google.android.gms:play-services-ads-lite:9.6.1] AndroidManifest.xml:20:5-78
MERGED from [com.google.android.gms:play-services-analytics:9.6.1] AndroidManifest.xml:21:5-78
MERGED from [com.google.android.gms:play-services-analytics-impl:9.6.1] AndroidManifest.xml:21:5-78
MERGED from [com.google.android.gms:play-services-maps:9.6.1] AndroidManifest.xml:19:5-78
MERGED from [com.google.android.gms:play-services-nearby:9.6.1] AndroidManifest.xml:4:5-78
MERGED from [com.google.android.gms:play-services-tagmanager-api:9.6.1] AndroidManifest.xml:21:5-78
	android:name
		ADDED from [com.google.firebase:firebase-analytics:9.6.1] AndroidManifest.xml:21:22-76
uses-permission#android.permission.WAKE_LOCK
ADDED from [com.google.firebase:firebase-analytics:9.6.1] AndroidManifest.xml:22:5-67
MERGED from [com.google.firebase:firebase-analytics-impl:9.6.1] AndroidManifest.xml:22:5-67
MERGED from [com.google.firebase:firebase-iid:9.6.1] AndroidManifest.xml:21:5-67
MERGED from [com.google.android.gms:play-services-analytics:9.6.1] AndroidManifest.xml:24:5-67
MERGED from [com.google.android.gms:play-services-analytics-impl:9.6.1] AndroidManifest.xml:24:5-67
	android:name
		ADDED from [com.google.firebase:firebase-analytics:9.6.1] AndroidManifest.xml:22:22-65
receiver#com.google.android.gms.measurement.AppMeasurementReceiver
ADDED from [com.google.firebase:firebase-analytics:9.6.1] AndroidManifest.xml:25:7-26:18
MERGED from [com.google.firebase:firebase-analytics-impl:9.6.1] AndroidManifest.xml:25:7-26:18
	android:enabled
		ADDED from [com.google.firebase:firebase-analytics:9.6.1] AndroidManifest.xml:25:90-112
	android:exported
		ADDED from [com.google.firebase:firebase-analytics:9.6.1] AndroidManifest.xml:25:113-137
	android:name
		ADDED from [com.google.firebase:firebase-analytics:9.6.1] AndroidManifest.xml:25:17-89
receiver#com.google.android.gms.measurement.AppMeasurementInstallReferrerReceiver
ADDED from [com.google.firebase:firebase-analytics:9.6.1] AndroidManifest.xml:27:7-31:18
	android:enabled
		ADDED from [com.google.firebase:firebase-analytics:9.6.1] AndroidManifest.xml:27:162-184
	android:permission
		ADDED from [com.google.firebase:firebase-analytics:9.6.1] AndroidManifest.xml:27:105-161
	android:name
		ADDED from [com.google.firebase:firebase-analytics:9.6.1] AndroidManifest.xml:27:17-104
intent-filter#com.android.vending.INSTALL_REFERRER
ADDED from [com.google.firebase:firebase-analytics:9.6.1] AndroidManifest.xml:28:11-30:27
action#com.android.vending.INSTALL_REFERRER
ADDED from [com.google.firebase:firebase-analytics:9.6.1] AndroidManifest.xml:29:15-76
	android:name
		ADDED from [com.google.firebase:firebase-analytics:9.6.1] AndroidManifest.xml:29:23-74
service#com.google.android.gms.measurement.AppMeasurementService
ADDED from [com.google.firebase:firebase-analytics:9.6.1] AndroidManifest.xml:32:7-137
MERGED from [com.google.firebase:firebase-analytics-impl:9.6.1] AndroidManifest.xml:27:7-137
	android:enabled
		ADDED from [com.google.firebase:firebase-analytics:9.6.1] AndroidManifest.xml:32:88-110
	android:exported
		ADDED from [com.google.firebase:firebase-analytics:9.6.1] AndroidManifest.xml:32:111-135
	android:name
		ADDED from [com.google.firebase:firebase-analytics:9.6.1] AndroidManifest.xml:32:16-87
uses-permission#com.google.android.c2dm.permission.RECEIVE
ADDED from [com.google.firebase:firebase-iid:9.6.1] AndroidManifest.xml:22:5-81
MERGED from [com.google.android.gms:play-services-gcm:9.6.1] AndroidManifest.xml:20:5-81
MERGED from [com.google.android.gms:play-services-iid:9.6.1] AndroidManifest.xml:20:5-81
	android:name
		ADDED from [com.google.firebase:firebase-iid:9.6.1] AndroidManifest.xml:22:22-79
permission#${applicationId}.permission.C2D_MESSAGE
ADDED from [com.google.firebase:firebase-iid:9.6.1] AndroidManifest.xml:24:5-109
	android:protectionLevel
		ADDED from [com.google.firebase:firebase-iid:9.6.1] AndroidManifest.xml:24:72-107
	android:name
		ADDED from [com.google.firebase:firebase-iid:9.6.1] AndroidManifest.xml:24:17-71
uses-permission#${applicationId}.permission.C2D_MESSAGE
ADDED from [com.google.firebase:firebase-iid:9.6.1] AndroidManifest.xml:26:5-78
	android:name
		ADDED from [com.google.firebase:firebase-iid:9.6.1] AndroidManifest.xml:26:22-76
receiver#com.google.firebase.iid.FirebaseInstanceIdReceiver
ADDED from [com.google.firebase:firebase-iid:9.6.1] AndroidManifest.xml:30:9-36:20
	android:exported
		ADDED from [com.google.firebase:firebase-iid:9.6.1] AndroidManifest.xml:30:85-108
	android:permission
		ADDED from [com.google.firebase:firebase-iid:9.6.1] AndroidManifest.xml:30:109-169
	android:name
		ADDED from [com.google.firebase:firebase-iid:9.6.1] AndroidManifest.xml:30:19-84
intent-filter#${applicationId}+com.google.android.c2dm.intent.RECEIVE+com.google.android.c2dm.intent.REGISTRATION
ADDED from [com.google.firebase:firebase-iid:9.6.1] AndroidManifest.xml:31:13-35:29
action#com.google.android.c2dm.intent.RECEIVE
ADDED from [com.google.firebase:firebase-iid:9.6.1] AndroidManifest.xml:32:17-80
	android:name
		ADDED from [com.google.firebase:firebase-iid:9.6.1] AndroidManifest.xml:32:25-78
action#com.google.android.c2dm.intent.REGISTRATION
ADDED from [com.google.firebase:firebase-iid:9.6.1] AndroidManifest.xml:33:17-85
	android:name
		ADDED from [com.google.firebase:firebase-iid:9.6.1] AndroidManifest.xml:33:25-83
category#${applicationId}
ADDED from [com.google.firebase:firebase-iid:9.6.1] AndroidManifest.xml:34:17-60
	android:name
		ADDED from [com.google.firebase:firebase-iid:9.6.1] AndroidManifest.xml:34:27-58
receiver#com.google.firebase.iid.FirebaseInstanceIdInternalReceiver
ADDED from [com.google.firebase:firebase-iid:9.6.1] AndroidManifest.xml:40:9-119
	android:exported
		ADDED from [com.google.firebase:firebase-iid:9.6.1] AndroidManifest.xml:40:93-117
	android:name
		ADDED from [com.google.firebase:firebase-iid:9.6.1] AndroidManifest.xml:40:19-92
service#com.google.firebase.iid.FirebaseInstanceIdService
ADDED from [com.google.firebase:firebase-iid:9.6.1] AndroidManifest.xml:44:9-48:19
	android:exported
		ADDED from [com.google.firebase:firebase-iid:9.6.1] AndroidManifest.xml:44:83-106
	android:name
		ADDED from [com.google.firebase:firebase-iid:9.6.1] AndroidManifest.xml:44:18-82
intent-filter#com.google.firebase.INSTANCE_ID_EVENT
ADDED from [com.google.firebase:firebase-iid:9.6.1] AndroidManifest.xml:45:13-47:29
	android:priority
		ADDED from [com.google.firebase:firebase-iid:9.6.1] AndroidManifest.xml:45:28-51
action#com.google.firebase.INSTANCE_ID_EVENT
ADDED from [com.google.firebase:firebase-iid:9.6.1] AndroidManifest.xml:46:17-79
	android:name
		ADDED from [com.google.firebase:firebase-iid:9.6.1] AndroidManifest.xml:46:25-77
activity#com.google.android.gms.ads.AdActivity
ADDED from [com.google.android.gms:play-services-ads-lite:9.6.1] AndroidManifest.xml:25:9-232
	android:configChanges
		ADDED from [com.google.android.gms:play-services-ads-lite:9.6.1] AndroidManifest.xml:25:72-181
	android:theme
		ADDED from [com.google.android.gms:play-services-ads-lite:9.6.1] AndroidManifest.xml:25:182-230
	android:name
		ADDED from [com.google.android.gms:play-services-ads-lite:9.6.1] AndroidManifest.xml:25:19-71
activity#com.google.android.gms.ads.purchase.InAppPurchaseActivity
ADDED from [com.google.android.gms:play-services-ads-lite:9.6.1] AndroidManifest.xml:26:9-131
	android:theme
		ADDED from [com.google.android.gms:play-services-ads-lite:9.6.1] AndroidManifest.xml:26:92-129
	android:name
		ADDED from [com.google.android.gms:play-services-ads-lite:9.6.1] AndroidManifest.xml:26:19-91
activity#com.google.android.gms.common.api.GoogleApiActivity